<?xml version="1.0" encoding="UTF-8"?>
<testsuite name="com.mycompany.googlebis.FileHandlerTest" time="0.156" tests="4" errors="2" skipped="0" failures="0">
  <properties>
[...]
</properties>
  <testcase name="parseDocumentTest" classname="com.mycompany.googlebis.FileHandlerTest" time="0.037">
    <error type="java.lang.NullPointerException:">java.lang.NullPointerException: null
	at com.mycompany.googlebis.FileHandlerTest.parseDocumentTest(FileHandlerTest.java:35)
</error>
    <system-out>parse document test :
</system-out>
  </testcase>
  <testcase name="parseFileRequestTest" classname="com.mycompany.googlebis.FileHandlerTest" time="0.116"/>
  <testcase name="parseRequestTest" classname="com.mycompany.googlebis.FileHandlerTest" time="0.003"/>
  <testcase name="parseQRelsTest" classname="com.mycompany.googlebis.FileHandlerTest" time="0">
    <error type="java.lang.NullPointerException:">java.lang.NullPointerException: null
	at com.mycompany.googlebis.FileHandlerTest.parseQRelsTest(FileHandlerTest.java:84)
</error>
    <system-out>
Parse qrels test :

</system-out>
  </testcase>
</testsuite>